# JRE version: Java(TM) SE Runtime Environment (8.0_241-b07) (build 1.8.0_241-b07)
# Java VM: Java HotSpot(TM) 64-Bit Server VM (25.241-b07 mixed mode windows-amd64 compressed oops)
Heap:
 PSYoungGen      total 303616K, used 83278K [0x0000000780f00000, 0x0000000799d00000, 0x00000007c0000000)
  eden space 286208K, 29% used [0x0000000780f00000,0x0000000786053810,0x0000000792680000)
  from space 17408K, 0% used [0x0000000792680000,0x0000000792680000,0x0000000793780000)
  to   space 20992K, 0% used [0x0000000798880000,0x0000000798880000,0x0000000799d00000)
 ParOldGen       total 149504K, used 33781K [0x0000000702c00000, 0x000000070be00000, 0x0000000780f00000)
  object space 149504K, 22% used [0x0000000702c00000,0x0000000704cfd7c8,0x000000070be00000)
 Metaspace       used 57161K, capacity 60436K, committed 60584K, reserved 1101824K
  class space    used 7764K, capacity 8320K, committed 8360K, reserved 1048576K
GC Heap History (10 events):
Event: 14.668 GC heap before
{Heap before GC invocations=8 (full 1):
 PSYoungGen      total 179712K, used 149915K [0x0000000780f00000, 0x000000078e100000, 0x00000007c0000000)
  eden space 170496K, 82% used [0x0000000780f00000,0x000000078986b3a0,0x000000078b580000)
  from space 9216K, 99% used [0x000000078d800000,0x000000078e0fb868,0x000000078e100000)
  to   space 10752K, 0% used [0x000000078cc00000,0x000000078cc00000,0x000000078d680000)
 ParOldGen       total 68096K, used 7728K [0x0000000702c00000, 0x0000000706e80000, 0x0000000780f00000)
  object space 68096K, 11% used [0x0000000702c00000,0x000000070338c2c8,0x0000000706e80000)
 Metaspace       used 33460K, capacity 35412K, committed 35496K, reserved 1079296K
  class space    used 4383K, capacity 4754K, committed 4776K, reserved 1048576K
Event: 14.714 GC heap after
Heap after GC invocations=8 (full 1):
 PSYoungGen      total 204288K, used 10749K [0x0000000780f00000, 0x0000000794580000, 0x00000007c0000000)
  eden space 193536K, 0% used [0x0000000780f00000,0x0000000780f00000,0x000000078cc00000)
  from space 10752K, 99% used [0x000000078cc00000,0x000000078d67f700,0x000000078d680000)
  to   space 14336K, 0% used [0x0000000793780000,0x0000000793780000,0x0000000794580000)
 ParOldGen       total 68096K, used 13456K [0x0000000702c00000, 0x0000000706e80000, 0x0000000780f00000)
  object space 68096K, 19% used [0x0000000702c00000,0x00000007039241e8,0x0000000706e80000)
 Metaspace       used 33460K, capacity 35412K, committed 35496K, reserved 1079296K
  class space    used 4383K, capacity 4754K, committed 4776K, reserved 1048576K
}
Event: 14.714 GC heap before
{Heap before GC invocations=9 (full 2):
 PSYoungGen      total 204288K, used 10749K [0x0000000780f00000, 0x0000000794580000, 0x00000007c0000000)
  eden space 193536K, 0% used [0x0000000780f00000,0x0000000780f00000,0x000000078cc00000)
  from space 10752K, 99% used [0x000000078cc00000,0x000000078d67f700,0x000000078d680000)
  to   space 14336K, 0% used [0x0000000793780000,0x0000000793780000,0x0000000794580000)
 ParOldGen       total 68096K, used 13456K [0x0000000702c00000, 0x0000000706e80000, 0x0000000780f00000)
  object space 68096K, 19% used [0x0000000702c00000,0x00000007039241e8,0x0000000706e80000)
 Metaspace       used 33460K, capacity 35412K, committed 35496K, reserved 1079296K
  class space    used 4383K, capacity 4754K, committed 4776K, reserved 1048576K
Event: 14.900 GC heap after
Heap after GC invocations=9 (full 2):
 PSYoungGen      total 204288K, used 0K [0x0000000780f00000, 0x0000000794580000, 0x00000007c0000000)
  eden space 193536K, 0% used [0x0000000780f00000,0x0000000780f00000,0x000000078cc00000)
  from space 10752K, 0% used [0x000000078cc00000,0x000000078cc00000,0x000000078d680000)
  to   space 14336K, 0% used [0x0000000793780000,0x0000000793780000,0x0000000794580000)
 ParOldGen       total 110592K, used 20489K [0x0000000702c00000, 0x0000000709800000, 0x0000000780f00000)
  object space 110592K, 18% used [0x0000000702c00000,0x00000007040025c8,0x0000000709800000)
 Metaspace       used 33460K, capacity 35412K, committed 35496K, reserved 1079296K
  class space    used 4383K, capacity 4754K, committed 4776K, reserved 1048576K
}
Event: 22.203 GC heap before
{Heap before GC invocations=10 (full 2):
 PSYoungGen      total 204288K, used 193536K [0x0000000780f00000, 0x0000000794580000, 0x00000007c0000000)
  eden space 193536K, 100% used [0x0000000780f00000,0x000000078cc00000,0x000000078cc00000)
  from space 10752K, 0% used [0x000000078cc00000,0x000000078cc00000,0x000000078d680000)
  to   space 14336K, 0% used [0x0000000793780000,0x0000000793780000,0x0000000794580000)
 ParOldGen       total 110592K, used 20489K [0x0000000702c00000, 0x0000000709800000, 0x0000000780f00000)
  object space 110592K, 18% used [0x0000000702c00000,0x00000007040025c8,0x0000000709800000)
 Metaspace       used 44315K, capacity 46766K, committed 46888K, reserved 1089536K
  class space    used 6128K, capacity 6596K, committed 6696K, reserved 1048576K
Event: 22.259 GC heap after
Heap after GC invocations=10 (full 2):
 PSYoungGen      total 300544K, used 14328K [0x0000000780f00000, 0x0000000795200000, 0x00000007c0000000)
  eden space 286208K, 0% used [0x0000000780f00000,0x0000000780f00000,0x0000000792680000)
  from space 14336K, 99% used [0x0000000793780000,0x000000079457e0b8,0x0000000794580000)
  to   space 17408K, 0% used [0x0000000792680000,0x0000000792680000,0x0000000793780000)
 ParOldGen       total 110592K, used 23333K [0x0000000702c00000, 0x0000000709800000, 0x0000000780f00000)
  object space 110592K, 21% used [0x0000000702c00000,0x00000007042c9470,0x0000000709800000)
 Metaspace       used 44315K, capacity 46766K, committed 46888K, reserved 1089536K
  class space    used 6128K, capacity 6596K, committed 6696K, reserved 1048576K
}
Event: 63.362 GC heap before
{Heap before GC invocations=11 (full 2):
 PSYoungGen      total 300544K, used 233170K [0x0000000780f00000, 0x0000000795200000, 0x00000007c0000000)
  eden space 286208K, 76% used [0x0000000780f00000,0x000000078e4b67f8,0x0000000792680000)
  from space 14336K, 99% used [0x0000000793780000,0x000000079457e0b8,0x0000000794580000)
  to   space 17408K, 0% used [0x0000000792680000,0x0000000792680000,0x0000000793780000)
 ParOldGen       total 110592K, used 23333K [0x0000000702c00000, 0x0000000709800000, 0x0000000780f00000)
  object space 110592K, 21% used [0x0000000702c00000,0x00000007042c9470,0x0000000709800000)
 Metaspace       used 55948K, capacity 59052K, committed 59160K, reserved 1099776K
  class space    used 7736K, capacity 8282K, committed 8360K, reserved 1048576K
Event: 63.423 GC heap after
Heap after GC invocations=11 (full 2):
 PSYoungGen      total 303616K, used 17403K [0x0000000780f00000, 0x0000000799d00000, 0x00000007c0000000)
  eden space 286208K, 0% used [0x0000000780f00000,0x0000000780f00000,0x0000000792680000)
  from space 17408K, 99% used [0x0000000792680000,0x000000079377ef80,0x0000000793780000)
  to   space 20992K, 0% used [0x0000000798880000,0x0000000798880000,0x0000000799d00000)
 ParOldGen       total 110592K, used 27168K [0x0000000702c00000, 0x0000000709800000, 0x0000000780f00000)
  object space 110592K, 24% used [0x0000000702c00000,0x00000007046881b8,0x0000000709800000)
 Metaspace       used 55948K, capacity 59052K, committed 59160K, reserved 1099776K
  class space    used 7736K, capacity 8282K, committed 8360K, reserved 1048576K
}
Event: 63.423 GC heap before
{Heap before GC invocations=12 (full 3):
 PSYoungGen      total 303616K, used 17403K [0x0000000780f00000, 0x0000000799d00000, 0x00000007c0000000)
  eden space 286208K, 0% used [0x0000000780f00000,0x0000000780f00000,0x0000000792680000)
  from space 17408K, 99% used [0x0000000792680000,0x000000079377ef80,0x0000000793780000)
  to   space 20992K, 0% used [0x0000000798880000,0x0000000798880000,0x0000000799d00000)
 ParOldGen       total 110592K, used 27168K [0x0000000702c00000, 0x0000000709800000, 0x0000000780f00000)
  object space 110592K, 24% used [0x0000000702c00000,0x00000007046881b8,0x0000000709800000)
 Metaspace       used 55948K, capacity 59052K, committed 59160K, reserved 1099776K
  class space    used 7736K, capacity 8282K, committed 8360K, reserved 1048576K
Event: 63.712 GC heap after
Heap after GC invocations=12 (full 3):
 PSYoungGen      total 303616K, used 0K [0x0000000780f00000, 0x0000000799d00000, 0x00000007c0000000)
  eden space 286208K, 0% used [0x0000000780f00000,0x0000000780f00000,0x0000000792680000)
  from space 17408K, 0% used [0x0000000792680000,0x0000000792680000,0x0000000793780000)
  to   space 20992K, 0% used [0x0000000798880000,0x0000000798880000,0x0000000799d00000)
 ParOldGen       total 149504K, used 33781K [0x0000000702c00000, 0x000000070be00000, 0x0000000780f00000)
  object space 149504K, 22% used [0x0000000702c00000,0x0000000704cfd7c8,0x000000070be00000)
 Metaspace       used 55948K, capacity 59052K, committed 59160K, reserved 1099776K
  class space    used 7736K, capacity 8282K, committed 8360K, reserved 1048576K
}

